build/app/outputs/mapping/release/seeds.txt
com.anncode.platzitripsflutter.MainActivity
com.anncode.platzitripsflutter.MainActivity: MainActivity()
...
com.google.firebase.firestore.util.Logger$Level: com.google.firebase.firestore.util.Logger$Level valueOf(java.lang.String)
io.flutter.embedding.engine.FlutterJNI: void removeEngineLifecycleListener(io.flutter.embedding.engine.FlutterEngine$EngineLifecycleListener)
androidx.media.AudioAttributesImplBaseParcelizer: androidx.media.AudioAttributesImplBase read(androidx.versionedparcelable.VersionedParcel)
com.google.firebase.firestore.proto.MaybeDocument$DocumentTypeCase: com.google.firebase.firestore.proto.MaybeDocument$DocumentTypeCase[] values()
io.flutter.embedding.engine.systemchannels.TextInputChannel$TextInputType: io.flutter.embedding.engine.systemchannels.TextInputChannel$TextInputType valueOf(java.lang.String)
io.grpc.internal.CensusStatsModule$ClientTracer: long inboundWireSize
androidx.lifecycle.Lifecycle$Event: androidx.lifecycle.Lifecycle$Event ON_STOP
androidx.lifecycle.LiveData$LifecycleBoundObserver
androidx.media.AudioAttributesImplApi21Parcelizer: void write(androidx.media.AudioAttributesImplApi21,androidx.versionedparcelable.VersionedParcel)
com.google.android.gms.measurement.internal.zzad: android.os.Parcelable$Creator CREATOR
androidx.core.content.FileProvider: FileProvider()
androidx.lifecycle.FullLifecycleObserverAdapter
io.flutter.embedding.engine.systemchannels.SettingsChannel$PlatformBrightness: io.flutter.embedding.engine.systemchannels.SettingsChannel$PlatformBrightness valueOf(java.lang.String)
io.flutter.embedding.engine.mutatorsstack.FlutterMutatorsStack: java.util.List getFinalClippingPaths()
androidx.core.R$id: int accessibility_custom_action_31
com.google.firestore.v1.StructuredQuery$Direction: com.google.firestore.v1.StructuredQuery$Direction[] values()
com.google.android.gms.common.Feature: android.os.Parcelable$Creator CREATOR
io.flutter.view.AccessibilityViewEmbedder: android.view.accessibility.AccessibilityNodeInfo getRootNode(android.view.View,int,android.graphics.Rect)
io.flutter.view.AccessibilityBridge$AccessibilityFeature: io.flutter.view.AccessibilityBridge$AccessibilityFeature valueOf(java.lang.String)
androidx.lifecycle.ReportFragment$LifecycleCallbacks: void onActivityPreDestroyed(android.app.Activity)
com.google.firebase.firestore.core.ViewSnapshot$SyncState: com.google.firebase.firestore.core.ViewSnapshot$SyncState valueOf(java.lang.String)
com.google.android.gms.base.R$drawable: int common_google_signin_btn_text_light_normal_background
io.grpc.Status$Code: io.grpc.Status$Code valueOf(java.lang.String)
com.google.android.gms.internal.firebase_auth.zzca: android.os.Parcelable$Creator CREATOR
com.google.firestore.v1.TransactionOptions$ReadOnly$ConsistencySelectorCase: com.google.firestore.v1.TransactionOptions$ReadOnly$ConsistencySelectorCase valueOf(java.lang.String)
com.squareup.okhttp.Protocol: com.squareup.okhttp.Protocol[] values()
io.flutter.embedding.android.FlutterImageView
com.google.firebase.analytics.connector.internal.AnalyticsConnectorRegistrar: AnalyticsConnectorRegistrar()
com.google.common.util.concurrent.AbstractFuture$Waiter: java.lang.Thread thread
androidx.lifecycle.Lifecycle$Event: androidx.lifecycle.Lifecycle$Event ON_ANY
com.google.android.gms.measurement.AppMeasurement$ConditionalUserProperty: java.lang.String mOrigin
androidx.core.R$id: int accessibility_custom_action_21
androidx.core.R$id: int tag_accessibility_pane_title
android.support.v4.app.RemoteActionCompatParcelizer: androidx.core.app.RemoteActionCompat read(androidx.versionedparcelable.VersionedParcel)
com.google.android.gms.internal.measurement.zzfq$zzb: int zzaur
com.google.firebase.firestore.core.UserData$Source: com.google.firebase.firestore.core.UserData$Source valueOf(java.lang.String)
com.google.android.gms.internal.firebase_auth.zzai: android.os.Parcelable$Creator CREATOR
com.google.android.gms.common.internal.zzb: android.os.Parcelable$Creator CREATOR
io.flutter.embedding.engine.FlutterJNI: void notifyLowMemoryWarning()