build/app/outputs/mapping/release/mapping.txt
# compiler: R8
# compiler_version: 2.0.88
# min_api: 21
# pg_map_id: 149cc9a
# common_typos_disable
...
com.google.android.gms.auth.api.signin.GoogleSignInApi -> com.google.android.gms.auth.api.signin.b:
    com.google.android.gms.common.api.PendingResult revokeAccess(com.google.android.gms.common.api.GoogleApiClient) -> a
com.google.android.gms.auth.api.signin.GoogleSignInClient -> com.google.android.gms.auth.api.signin.c:
    com.google.android.gms.auth.api.signin.GoogleSignInClient$zzc zzar -> j
    int zzas -> k
    android.content.Intent getSignInIntent() -> q
    com.google.android.gms.tasks.Task revokeAccess() -> r
    com.google.android.gms.tasks.Task signOut() -> s
    com.google.android.gms.tasks.Task silentSignIn() -> t
    int zze() -> u
com.google.android.gms.auth.api.signin.GoogleSignInClient$zzc -> com.google.android.gms.auth.api.signin.c$a:
    java.lang.Object convert(com.google.android.gms.common.api.Result) -> a
com.google.android.gms.auth.api.signin.GoogleSignInClient$zzd -> com.google.android.gms.auth.api.signin.c$b:
    int[] zzay -> e
    int zzax -> d
    int zzav -> b
    int zzaw -> c
    int zzau -> a
    int[] values$50KLMJ33DTMIUPRFDTJMOP9FC5N68SJFD5I2UPRDECNM2TBKD0NM2S395TPMIPRED5N2UHRFDTJMOPAJD5JMSIBE8DM6IPBEEGI4IRBGDHIMQPBEEHGN8QBFDOTG____0() -> a
com.google.android.gms.auth.api.signin.GoogleSignInOptions -> com.google.android.gms.auth.api.signin.GoogleSignInOptions:
    java.lang.String zaab -> g
    android.accounts.Account zax -> c
    java.lang.String zaac -> h
    com.google.android.gms.auth.api.signin.GoogleSignInOptions DEFAULT_SIGN_IN -> o
    java.util.ArrayList zaw -> b
    com.google.android.gms.auth.api.signin.GoogleSignInOptions DEFAULT_GAMES_SIGN_IN -> p
    java.util.Comparator zaaf -> q
    int versionCode -> a
    com.google.android.gms.common.api.Scope zav -> n
    java.util.ArrayList zaad -> i
    boolean zaz -> e
    boolean zaaa -> f
    com.google.android.gms.common.api.Scope zar -> j
    com.google.android.gms.common.api.Scope zas -> k
    com.google.android.gms.common.api.Scope zat -> l
    com.google.android.gms.common.api.Scope zau -> m
    boolean zay -> d
    java.util.ArrayList getExtensions() -> M
    java.util.ArrayList getScopes() -> N
    java.lang.String getServerClientId() -> P
    boolean isForceCodeForRefreshToken() -> Q
    boolean isIdTokenRequested() -> R
    boolean isServerAuthCodeRequested() -> S
    java.util.ArrayList zaa(com.google.android.gms.auth.api.signin.GoogleSignInOptions) -> T
    java.util.Map zaa(java.util.List) -> U
    com.google.android.gms.auth.api.signin.GoogleSignInOptions zab(java.lang.String) -> V
    java.util.Map zab(java.util.List) -> W
    boolean zab(com.google.android.gms.auth.api.signin.GoogleSignInOptions) -> X
com.google.android.gms.auth.api.signin.GoogleSignInOptions$Builder -> com.google.android.gms.auth.api.signin.GoogleSignInOptions$a:
    java.lang.String zaac -> g
    java.util.Set mScopes -> a
    android.accounts.Account zax -> f
    boolean zaz -> b
    boolean zaaa -> c
    java.lang.String zaab -> e
    boolean zay -> d
    java.util.Map zaag -> h
    com.google.android.gms.auth.api.signin.GoogleSignInOptions build() -> a
    com.google.android.gms.auth.api.signin.GoogleSignInOptions$Builder requestEmail() -> b
    com.google.android.gms.auth.api.signin.GoogleSignInOptions$Builder requestId() -> c
    com.google.android.gms.auth.api.signin.GoogleSignInOptions$Builder requestIdToken(java.lang.String) -> d
    com.google.android.gms.auth.api.signin.GoogleSignInOptions$Builder requestProfile() -> e
    com.google.android.gms.auth.api.signin.GoogleSignInOptions$Builder requestScopes(com.google.android.gms.common.api.Scope,com.google.android.gms.common.api.Scope[]) -> f
    com.google.android.gms.auth.api.signin.GoogleSignInOptions$Builder setHostedDomain(java.lang.String) -> g
    java.lang.String zac(java.lang.String) -> h