build/app/outputs/mapping/release/usage.txt
com.anncode.platzitripsflutter.R
com.anncode.platzitripsflutter.R$dimen
com.anncode.platzitripsflutter.R$style
com.anncode.platzitripsflutter.R$mipmap
com.anncode.platzitripsflutter.R$drawable
com.anncode.platzitripsflutter.R$integer
com.anncode.platzitripsflutter.R$attr
com.anncode.platzitripsflutter.R$string
com.anncode.platzitripsflutter.R$styleable
com.anncode.platzitripsflutter.R$layout
com.anncode.platzitripsflutter.R$xml
com.anncode.platzitripsflutter.R$id
com.anncode.platzitripsflutter.R$color
com.anncode.platzitripsflutter.BuildConfig
...
kotlin.jvm.internal.PackageReference
android.support.v4.os.IResultReceiver$Stub$Proxy:
    public java.lang.String getInterfaceDescriptor()
com.squareup.okhttp.internal.http.CacheRequest
io.grpc.internal.TransportTracer$FlowControlReader:
    public abstract io.grpc.internal.TransportTracer$FlowControlWindows read()
kotlin.TypeAliasesKt
io.opencensus.trace.export.ExportComponent:
    public abstract io.opencensus.trace.export.SpanExporter getSpanExporter()
    public abstract io.opencensus.trace.export.RunningSpanStore getRunningSpanStore()
    public abstract io.opencensus.trace.export.SampledSpanStore getSampledSpanStore()
com.google.android.gms.common.internal.ClientSettings$OptionalApiSettings:
    public void <init>(java.util.Set)
com.google.common.collect.StandardTable$ColumnMap$ColumnMapEntrySet$1
io.grpc.internal.GrpcUtil$2:
    private static final java.lang.String NAME
kotlin.reflect.KMutableProperty0$Setter
com.google.android.gms.internal.firebase_auth.zzcz:
    public void <init>(java.lang.String,java.lang.String,java.lang.Long,java.lang.String)
    public final java.lang.String zzdx()
    public final com.google.android.gms.internal.firebase_auth.zzhl zzdj()
    public final synthetic com.google.firebase.auth.api.internal.zzdw zza(com.google.android.gms.internal.firebase_auth.zzhb)
com.google.common.util.concurrent.UncaughtExceptionHandlers$Exiter
com.google.common.collect.StandardTable
com.google.common.collect.Maps$5
com.squareup.okhttp.internal.tls.RealTrustRootIndex
io.opencensus.common.AutoValue_Duration
io.flutter.plugins.firebase.core.R$drawable
com.google.android.gms.common.api.internal.zaaw:
    public final com.google.android.gms.common.api.internal.ListenerHolder registerListener(java.lang.Object)
    public final com.google.android.gms.common.api.Api$Client getClient(com.google.android.gms.common.api.Api$AnyClientKey)
    public final boolean hasApi(com.google.android.gms.common.api.Api)
    public final boolean hasConnectedApi(com.google.android.gms.common.api.Api)
    public final com.google.android.gms.common.ConnectionResult getConnectionResult(com.google.android.gms.common.api.Api)
    public final com.google.android.gms.common.ConnectionResult blockingConnect(long,java.util.concurrent.TimeUnit)
    public final void stopAutoManage(androidx.fragment.app.FragmentActivity)
    public final boolean isConnecting()
    public final void registerConnectionCallbacks(com.google.android.gms.common.api.GoogleApiClient$ConnectionCallbacks)
    public final boolean isConnectionCallbacksRegistered(com.google.android.gms.common.api.GoogleApiClient$ConnectionCallbacks)
    public final void unregisterConnectionCallbacks(com.google.android.gms.common.api.GoogleApiClient$ConnectionCallbacks)
    public final boolean isConnectionFailedListenerRegistered(com.google.android.gms.common.api.GoogleApiClient$OnConnectionFailedListener)
    public final void zaa(com.google.android.gms.common.api.internal.zacm)
com.google.common.primitives.Shorts
com.google.cloud.datastore.core.number.IndexNumberEncoder
androidx.core.graphics.PathParser$PathDataNode
com.google.common.collect.ImmutableEnumSet$1
com.squareup.okhttp.internal.Util$1
com.google.android.gms.internal.auth.zzac
io.opencensus.trace.AutoValue_AttributeValue_AttributeValueLong
com.google.common.cache.LocalCache$ValueIterator
io.flutter.embedding.engine.systemchannels.RestorationChannel$2
com.google.common.collect.Cut$AboveValue
com.google.common.graph.ConfigurableValueGraph
com.google.android.gms.internal.firebase_auth.zzp
com.google.common.graph.DirectedNetworkConnections
com.google.common.collect.SortedLists$KeyPresentBehavior$2
io.opencensus.stats.AggregationData$1
com.google.common.base.CaseFormat$3
com.google.common.collect.Multimaps$TransformedEntriesListMultimap
com.google.firebase.iid.R
kotlin.ranges.CharRange$Companion
com.squareup.okhttp.Handshake
androidx.annotation.VisibleForTesting
com.google.android.gms.common.server.response.zai